app/build/intermediates/manifest_merge_blame_file/release/manifest-merger-blame-release-report.txt
1<?xml version="1.0" encoding="utf-8"?>
2<manifest xmlns:android="http://schemas.android.com/apk/res/android"
3    xmlns:dist="http://schemas.android.com/apk/distribution"
4    package="com.mykholy.myuniversity"
5    android:versionCode="1"
6    android:versionName="1.0" >
7
8    <uses-sdk
9        android:minSdkVersion="19"
9-->src\main\AndroidManifest.xml
10        android:targetSdkVersion="28" />
10-->src\main\AndroidManifest.xml
11
12    <dist:module dist:instant="true" />
12-->src\main\AndroidManifest.xml:6:5-40
12-->src\main\AndroidManifest.xml:6:18-37
13
14    <uses-permission android:name="android.permission.INTERNET" />
14-->src\main\AndroidManifest.xml:8:5-67
14-->src\main\AndroidManifest.xml:8:22-64
15    <uses-permission android:name="android.permission.ACCESS_NETWORK_STATE" />
15-->src\main\AndroidManifest.xml:9:5-79
15-->src\main\AndroidManifest.xml:9:22-76
16    <uses-permission android:name="android.permission.BLUETOOTH" />
16-->src\main\AndroidManifest.xml:10:5-68
16-->src\main\AndroidManifest.xml:10:22-65
17
18    <application
18-->src\main\AndroidManifest.xml:12:5-48:19
19        android:allowBackup="true"
19-->src\main\AndroidManifest.xml:13:9-35
20        android:appComponentFactory="androidx.core.app.CoreComponentFactory"
20-->[androidx.core:core:1.3.0-alpha01] AndroidManifest.xml:24:18-86
21        android:icon="@mipmap/ic_logo"
21-->src\main\AndroidManifest.xml:14:9-39
22        android:label="@string/app_name"
22-->src\main\AndroidManifest.xml:15:9-41
23        android:roundIcon="@mipmap/ic_logo"
23-->src\main\AndroidManifest.xml:16:9-44
24        android:supportsRtl="true"
24-->src\main\AndroidManifest.xml:17:9-35
25        android:theme="@style/AppTheme" >
25-->src\main\AndroidManifest.xml:18:9-40
26        <activity android:name="com.mykholy.myuniversity.ui.SolveExamActivity" />
26-->src\main\AndroidManifest.xml:19:9-67
26-->src\main\AndroidManifest.xml:19:19-55
27        <activity android:name="com.mykholy.myuniversity.ui.DetailsCourseActivity" />
27-->src\main\AndroidManifest.xml:20:9-62
27-->src\main\AndroidManifest.xml:20:19-59
28        <activity
28-->src\main\AndroidManifest.xml:21:9-24:76
29            android:name="com.mykholy.myuniversity.ui.ForgotPasswordActivity"
29-->src\main\AndroidManifest.xml:22:13-54
30            android:screenOrientation="portrait"
30-->src\main\AndroidManifest.xml:23:13-49
31            android:windowSoftInputMode="stateAlwaysHidden|adjustResize" />
31-->src\main\AndroidManifest.xml:24:13-73
32        <activity
32-->src\main\AndroidManifest.xml:25:9-29:76
33            android:name="com.mykholy.myuniversity.ui.RegisterActivity"
33-->src\main\AndroidManifest.xml:26:13-48
34            android:parentActivityName="com.mykholy.myuniversity.ui.LoginActivity"
34-->src\main\AndroidManifest.xml:27:13-59
35            android:screenOrientation="portrait"
35-->src\main\AndroidManifest.xml:28:13-49
36            android:windowSoftInputMode="stateAlwaysHidden|adjustResize" />
36-->src\main\AndroidManifest.xml:29:13-73
37        <activity
37-->src\main\AndroidManifest.xml:30:9-33:76
38            android:name="com.mykholy.myuniversity.ui.LoginActivity"
38-->src\main\AndroidManifest.xml:31:13-45
39            android:screenOrientation="portrait"
39-->src\main\AndroidManifest.xml:32:13-49
40            android:windowSoftInputMode="stateAlwaysHidden|adjustResize" />
40-->src\main\AndroidManifest.xml:33:13-73
41        <activity
41-->src\main\AndroidManifest.xml:34:9-43:20
42            android:name="com.mykholy.myuniversity.ui.SplashScreenActivity"
42-->src\main\AndroidManifest.xml:35:13-52
43            android:screenOrientation="portrait"
43-->src\main\AndroidManifest.xml:36:13-49
44            android:windowSoftInputMode="stateAlwaysHidden|adjustResize" >
44-->src\main\AndroidManifest.xml:37:13-73
45            <intent-filter>
45-->src\main\AndroidManifest.xml:38:13-42:29
46                <action android:name="android.intent.action.MAIN" />
46-->src\main\AndroidManifest.xml:39:17-69
46-->src\main\AndroidManifest.xml:39:25-66
47
48                <category android:name="android.intent.category.LAUNCHER" />
48-->src\main\AndroidManifest.xml:41:17-77
48-->src\main\AndroidManifest.xml:41:27-74
49            </intent-filter>
50        </activity>
51        <activity
51-->src\main\AndroidManifest.xml:44:9-47:76
52            android:name="com.mykholy.myuniversity.ui.MainActivity"
52-->src\main\AndroidManifest.xml:45:13-44
53            android:screenOrientation="portrait"
53-->src\main\AndroidManifest.xml:46:13-49
54            android:windowSoftInputMode="stateAlwaysHidden|adjustResize" />
54-->src\main\AndroidManifest.xml:47:13-73
55    </application>
56
57</manifest>